2023-06-19 00:50:58.273[info] 애플리케이션 실행....
2023-06-19 00:50:59.142[error] DB Connection fail Unknown database 'realestate'
2023-06-19 00:55:18.845[info] (auth.token.params) {"password":"1111"}
2023-06-19 00:55:18.846[error] Error: Not allowed null (userid, password)
2023-06-19 00:55:18.854[error] (userService.login) Error: WHERE parameter "userid" has invalid "undefined" value
2023-06-19 00:57:09.925[info] 애플리케이션 실행....
2023-06-19 00:57:10.064[info] DB connection success
2023-06-19 00:57:10.132[info] Sequelize sync success
2023-06-19 00:57:22.449[info] (auth.token.params) {"password":"1111"}
2023-06-19 00:57:22.450[error] Error: Not allowed null (userid, password)
2023-06-19 00:57:22.459[error] (userService.login) Error: WHERE parameter "userid" has invalid "undefined" value
2023-06-19 01:05:01.684[info] 애플리케이션 실행....
2023-06-19 01:05:01.818[info] DB connection success
2023-06-19 01:05:01.831[info] Sequelize sync success
2023-06-19 01:11:37.121[info] 애플리케이션 실행....
2023-06-19 01:11:37.239[info] DB connection success
2023-06-19 01:11:37.255[info] Sequelize sync success
2023-06-19 01:15:48.203[info] 애플리케이션 실행....
2023-06-19 01:15:48.317[info] DB connection success
2023-06-19 01:15:48.329[info] Sequelize sync success
2023-06-19 01:16:08.250[info] 애플리케이션 실행....
2023-06-19 01:16:08.352[info] DB connection success
2023-06-19 01:16:08.365[info] Sequelize sync success
2023-06-19 01:16:17.588[info] (user.reg.params) {"userid":"sadsdsad","password":"assadsad","email":"asdasdasda","phone":""}
2023-06-19 01:16:17.589[error] Error: Not allowed null (name, userid, password)
2023-06-19 01:16:17.596[debug] (userService.makePassword) "assadsad"
2023-06-19 01:16:17.622[debug] (userService.reg) {"id":1,"userid":"sadsdsad","email":"asdasdasda","phone":"","updatedAt":"2023-06-18T16:16:17.599Z","createdAt":"2023-06-18T16:16:17.599Z"}
2023-06-19 01:16:17.623[info] (user.reg.result) {"id":1,"userid":"sadsdsad","email":"asdasdasda","phone":"","updatedAt":"2023-06-18T16:16:17.599Z","createdAt":"2023-06-18T16:16:17.599Z"}
2023-06-19 01:16:22.758[info] (user.reg.params) {"userid":"sadsdsad","password":"assadsad","email":"asdasdasda","phone":""}
2023-06-19 01:16:22.759[error] Error: Not allowed null (name, userid, password)
2023-06-19 01:16:22.762[debug] (userService.makePassword) "assadsad"
2023-06-19 01:16:22.777[error] (userService.reg) SequelizeUniqueConstraintError: Validation error
2023-06-19 01:16:44.469[info] 애플리케이션 실행....
2023-06-19 01:16:44.582[info] DB connection success
2023-06-19 01:16:44.597[info] Sequelize sync success
2023-06-19 01:16:45.428[info] (user.reg.params) {"userid":"sadsdsad","password":"assadsad","email":"asdasdasda","phone":""}
2023-06-19 01:16:45.429[error] Error: Not allowed null (name, userid, password)
2023-06-19 01:16:45.435[debug] (userService.makePassword) "assadsad"
2023-06-19 01:16:45.451[error] (userService.reg) SequelizeUniqueConstraintError: Validation error
2023-06-19 01:16:52.931[info] (user.reg.params) {"userid":"sadsdsad","password":"assadsad","email":"asdasdasda","phone":""}
2023-06-19 01:16:52.933[error] Error: Not allowed null (name, userid, password)
2023-06-19 01:16:52.935[debug] (userService.makePassword) "assadsad"
2023-06-19 01:16:52.943[error] (userService.reg) SequelizeUniqueConstraintError: Validation error
2023-06-19 01:22:50.470[info] 애플리케이션 실행....
2023-06-19 01:22:50.596[info] DB connection success
2023-06-19 01:22:50.611[info] Sequelize sync success
2023-06-19 01:26:15.894[info] 애플리케이션 실행....
2023-06-19 01:26:16.017[info] DB connection success
2023-06-19 01:26:16.033[info] Sequelize sync success
2023-06-19 01:26:26.402[info] (user.reg.params) {"userid":"sdadas","name":"sadsad","password":"sadsdad","email":"asddadsa","phone":""}
2023-06-19 01:26:26.406[debug] (userService.makePassword) "sadsdad"
2023-06-19 01:26:26.426[debug] (userService.reg) {"id":5,"userid":"sdadas","name":"sadsad","email":"asddadsa","phone":"","updatedAt":"2023-06-18T16:26:26.409Z","createdAt":"2023-06-18T16:26:26.409Z"}
2023-06-19 01:26:26.427[info] (user.reg.result) {"id":5,"userid":"sdadas","name":"sadsad","email":"asddadsa","phone":"","updatedAt":"2023-06-18T16:26:26.409Z","createdAt":"2023-06-18T16:26:26.409Z"}
2023-06-19 01:27:00.360[info] (user.reg.params) {"userid":"sdssasadas","name":"asdsadas","password":"adsdsadasdas","email":"asdsadsadas","phone":""}
2023-06-19 01:27:00.362[debug] (userService.makePassword) "adsdsadasdas"
2023-06-19 01:27:00.378[debug] (userService.reg) {"id":6,"userid":"sdssasadas","name":"asdsadas","email":"asdsadsadas","phone":"","updatedAt":"2023-06-18T16:27:00.363Z","createdAt":"2023-06-18T16:27:00.363Z"}
2023-06-19 01:27:00.379[info] (user.reg.result) {"id":6,"userid":"sdssasadas","name":"asdsadas","email":"asdsadsadas","phone":"","updatedAt":"2023-06-18T16:27:00.363Z","createdAt":"2023-06-18T16:27:00.363Z"}
2023-06-19 01:28:56.218[info] 애플리케이션 실행....
2023-06-19 01:28:56.365[info] DB connection success
2023-06-19 01:28:56.382[info] Sequelize sync success
2023-06-19 01:29:03.134[info] 애플리케이션 실행....
2023-06-19 01:29:03.246[info] DB connection success
2023-06-19 01:29:03.260[info] Sequelize sync success
2023-06-19 01:29:17.003[info] (user.reg.params) {"name":"sada","userid":"sadsdas","password":"asdasdas","email":"asdasds","phone":"111111"}
2023-06-19 01:29:17.006[debug] (userService.makePassword) "asdasdas"
2023-06-19 01:29:17.026[debug] (userService.reg) {"id":7,"name":"sada","userid":"sadsdas","email":"asdasds","phone":"111111","updatedAt":"2023-06-18T16:29:17.009Z","createdAt":"2023-06-18T16:29:17.009Z"}
2023-06-19 01:29:17.027[info] (user.reg.result) {"id":7,"name":"sada","userid":"sadsdas","email":"asdasds","phone":"111111","updatedAt":"2023-06-18T16:29:17.009Z","createdAt":"2023-06-18T16:29:17.009Z"}
2023-06-19 01:29:29.208[info] (user.reg.params) {"name":"sadass","userid":"sadasdd","password":"sdasads","email":"asdaasdsa","phone":"assdasdas"}
2023-06-19 01:29:29.210[debug] (userService.makePassword) "sdasads"
2023-06-19 01:29:29.220[debug] (userService.reg) {"id":8,"name":"sadass","userid":"sadasdd","email":"asdaasdsa","phone":"assdasdas","updatedAt":"2023-06-18T16:29:29.211Z","createdAt":"2023-06-18T16:29:29.211Z"}
2023-06-19 01:29:29.221[info] (user.reg.result) {"id":8,"name":"sadass","userid":"sadasdd","email":"asdaasdsa","phone":"assdasdas","updatedAt":"2023-06-18T16:29:29.211Z","createdAt":"2023-06-18T16:29:29.211Z"}
2023-06-19 01:36:38.881[info] (user.reg.params) {"name":"ㅁㄴㅇㅁㅇ","userid":"ㅁㄴㅇㄴㅁㅇㅁㄴㅇ","password":"asdsd","email":"sadasd","phone":"asdsadas"}
2023-06-19 01:36:38.883[debug] (userService.makePassword) "asdsd"
2023-06-19 01:36:38.907[debug] (userService.reg) {"id":9,"name":"ㅁㄴㅇㅁㅇ","userid":"ㅁㄴㅇㄴㅁㅇㅁㄴㅇ","email":"sadasd","phone":"asdsadas","updatedAt":"2023-06-18T16:36:38.884Z","createdAt":"2023-06-18T16:36:38.884Z"}
2023-06-19 01:36:38.907[info] (user.reg.result) {"id":9,"name":"ㅁㄴㅇㅁㅇ","userid":"ㅁㄴㅇㄴㅁㅇㅁㄴㅇ","email":"sadasd","phone":"asdsadas","updatedAt":"2023-06-18T16:36:38.884Z","createdAt":"2023-06-18T16:36:38.884Z"}
2023-06-19 01:37:06.529[info] (user.reg.params) {"name":"sadss","userid":"sadasd","password":"asdsad","email":"asdsa","phone":"asdsadasd"}
2023-06-19 01:37:06.531[debug] (userService.makePassword) "asdsad"
2023-06-19 01:37:06.539[debug] (userService.reg) {"id":10,"name":"sadss","userid":"sadasd","email":"asdsa","phone":"asdsadasd","updatedAt":"2023-06-18T16:37:06.532Z","createdAt":"2023-06-18T16:37:06.532Z"}
2023-06-19 01:37:06.540[info] (user.reg.result) {"id":10,"name":"sadss","userid":"sadasd","email":"asdsa","phone":"asdsadasd","updatedAt":"2023-06-18T16:37:06.532Z","createdAt":"2023-06-18T16:37:06.532Z"}
2023-06-19 01:48:44.726[info] (user.reg.params) {"name":"ㄴㅇㄴ","userid":"ㅁㄴㅇㄴㅁㅇ","password":"sadasd","email":"asdasdas@dsaasd.com","phone":"010-1111-1111"}
2023-06-19 01:48:44.728[debug] (userService.makePassword) "sadasd"
2023-06-19 01:48:44.739[debug] (userService.reg) {"id":11,"name":"ㄴㅇㄴ","userid":"ㅁㄴㅇㄴㅁㅇ","email":"asdasdas@dsaasd.com","phone":"010-1111-1111","updatedAt":"2023-06-18T16:48:44.729Z","createdAt":"2023-06-18T16:48:44.729Z"}
2023-06-19 01:48:44.740[info] (user.reg.result) {"id":11,"name":"ㄴㅇㄴ","userid":"ㅁㄴㅇㄴㅁㅇ","email":"asdasdas@dsaasd.com","phone":"010-1111-1111","updatedAt":"2023-06-18T16:48:44.729Z","createdAt":"2023-06-18T16:48:44.729Z"}
2023-06-19 01:53:50.886[info] 애플리케이션 실행....
2023-06-19 01:53:51.022[info] DB connection success
2023-06-19 01:53:51.039[info] Sequelize sync success
2023-06-19 01:53:55.379[info] 애플리케이션 실행....
2023-06-19 01:53:55.485[info] DB connection success
2023-06-19 01:53:55.496[info] Sequelize sync success
2023-06-19 02:04:54.806[info] 애플리케이션 실행....
2023-06-19 02:04:54.929[info] DB connection success
2023-06-19 02:04:54.945[info] Sequelize sync success
2023-06-19 02:05:59.745[info] 애플리케이션 실행....
2023-06-19 02:05:59.885[info] DB connection success
2023-06-19 02:05:59.900[info] Sequelize sync success
2023-06-19 02:08:55.210[info] 애플리케이션 실행....
2023-06-19 02:08:55.315[info] DB connection success
2023-06-19 02:08:55.332[info] Sequelize sync success
2023-06-19 02:15:11.535[info] 애플리케이션 실행....
2023-06-19 02:15:11.673[info] DB connection success
2023-06-19 02:15:11.689[info] Sequelize sync success
2023-06-19 02:15:13.725[info] 애플리케이션 실행....
2023-06-19 02:15:13.913[info] DB connection success
2023-06-19 02:15:13.929[info] Sequelize sync success
2023-06-19 02:15:52.910[info] (user.reg.params) {"name":"테스트 ","userid":"test","password":"1111","email":"aaa@aaa.com","phone":"010-1111-1111"}
2023-06-19 02:15:52.914[debug] (userService.makePassword) "1111"
2023-06-19 02:15:52.935[debug] (userService.reg) {"id":12,"name":"테스트 ","userid":"test","email":"aaa@aaa.com","phone":"010-1111-1111","updatedAt":"2023-06-18T17:15:52.916Z","createdAt":"2023-06-18T17:15:52.916Z"}
2023-06-19 02:15:52.936[info] (user.reg.result) {"id":12,"name":"테스트 ","userid":"test","email":"aaa@aaa.com","phone":"010-1111-1111","updatedAt":"2023-06-18T17:15:52.916Z","createdAt":"2023-06-18T17:15:52.916Z"}
2023-06-19 02:15:58.274[info] (auth.token.params) {"password":"1111"}
2023-06-19 02:15:58.274[error] Error: Not allowed null (userid, password)
2023-06-19 02:15:58.284[error] (userService.login) Error: WHERE parameter "userid" has invalid "undefined" value
2023-06-19 02:18:26.569[info] 애플리케이션 실행....
2023-06-19 02:18:26.673[info] DB connection success
2023-06-19 02:18:26.685[info] Sequelize sync success
2023-06-19 02:21:49.885[info] 애플리케이션 실행....
2023-06-19 02:21:50.009[info] DB connection success
2023-06-19 02:21:50.023[info] Sequelize sync success
2023-06-19 02:21:53.304[info] (user.reg.params) {"name":"qqqq","userid":"qqqq","password":"1111","email":"qqqq@qqqq.com","phone":"010-1111-1111"}
2023-06-19 02:21:53.307[debug] (userService.makePassword) "1111"
2023-06-19 02:21:53.319[debug] (userService.reg) {"id":13,"name":"qqqq","userid":"qqqq","email":"qqqq@qqqq.com","phone":"010-1111-1111","updatedAt":"2023-06-18T17:21:53.309Z","createdAt":"2023-06-18T17:21:53.309Z"}
2023-06-19 02:21:53.320[info] (user.reg.result) {"id":13,"name":"qqqq","userid":"qqqq","email":"qqqq@qqqq.com","phone":"010-1111-1111","updatedAt":"2023-06-18T17:21:53.309Z","createdAt":"2023-06-18T17:21:53.309Z"}
2023-06-19 02:22:46.563[info] (auth.token.params) {"password":"1111"}
2023-06-19 02:22:46.564[error] Error: Not allowed null (userid, password)
2023-06-19 02:22:46.570[error] (userService.login) Error: WHERE parameter "userid" has invalid "undefined" value
2023-06-19 02:25:29.418[info] 애플리케이션 실행....
2023-06-19 02:25:29.533[info] DB connection success
2023-06-19 02:25:29.549[info] Sequelize sync success
2023-06-19 02:25:40.466[info] (auth.token.params) {"userid":"","password":"1111"}
2023-06-19 02:25:40.467[error] Error: Not allowed null (userid, password)
2023-06-19 02:25:40.485[debug] (userService.login) null
2023-06-19 02:25:40.486[error] Error: 아이디가 일치하지 않습니다. Incorrect userid
2023-06-19 02:26:26.121[info] (auth.token.params) {"userid":"","password":"1111"}
2023-06-19 02:26:26.122[error] Error: Not allowed null (userid, password)
2023-06-19 02:26:26.131[debug] (userService.login) null
2023-06-19 02:26:26.132[error] Error: 아이디가 일치하지 않습니다. Incorrect userid
2023-06-19 02:26:42.509[info] 애플리케이션 실행....
2023-06-19 02:26:42.661[info] DB connection success
2023-06-19 02:26:42.676[info] Sequelize sync success
2023-06-19 02:27:09.947[info] (auth.token.params) {"userid":"","password":"1111"}
2023-06-19 02:27:09.948[error] Error: Not allowed null (userid, password)
2023-06-19 02:27:09.978[debug] (userService.login) null
2023-06-19 02:27:09.979[error] Error: 아이디가 일치하지 않습니다. Incorrect userid
2023-06-19 02:27:42.952[info] (auth.token.params) {"userid":"","password":"+O8TYEowpp0pL94I5BWwc6fkvoln7J6MV6eYeYWeROcie2KGPxKDJyqUREtCw==.44891c1662628e95cc0fbe4bf4ddb17845a7107d124e8a0bc6780762b52fca767a048e8c34048e946752f9286f4a087962e06f46becf6d2c23929fe1d77a023b"}
2023-06-19 02:27:42.954[error] Error: Not allowed null (userid, password)
2023-06-19 02:27:42.967[debug] (userService.login) null
2023-06-19 02:27:42.968[error] Error: 아이디가 일치하지 않습니다. Incorrect userid
2023-06-19 02:28:39.382[info] 애플리케이션 실행....
2023-06-19 02:28:39.495[info] DB connection success
2023-06-19 02:28:39.511[info] Sequelize sync success
2023-06-19 02:28:53.802[info] (auth.token.params) {"userid":"qqqq","password":"1111"}
2023-06-19 02:28:53.827[debug] (userService.login) {"id":13,"userid":"qqqq","password":"xCdHw58eDt2rRSlumQqm7PFPl+O8TYEowpp0pL94I5BWwc6fkvoln7J6MV6eYeYWeROcie2KGPxKDJyqUREtCw==.44891c1662628e95cc0fbe4bf4ddb17845a7107d124e8a0bc6780762b52fca767a048e8c34048e946752f9286f4a087962e06f46becf6d2c23929fe1d77a023b","name":"qqqq","role":null}
2023-06-19 02:28:53.831[debug] (userService.checkPassword) true
2023-06-19 02:28:53.832[info] (auth.token.result) {"id":13,"userid":"qqqq","password":"xCdHw58eDt2rRSlumQqm7PFPl+O8TYEowpp0pL94I5BWwc6fkvoln7J6MV6eYeYWeROcie2KGPxKDJyqUREtCw==.44891c1662628e95cc0fbe4bf4ddb17845a7107d124e8a0bc6780762b52fca767a048e8c34048e946752f9286f4a087962e06f46becf6d2c23929fe1d77a023b","name":"qqqq","role":null}
2023-06-19 02:31:26.541[info] 애플리케이션 실행....
2023-06-19 02:31:26.672[info] DB connection success
2023-06-19 02:31:26.690[info] Sequelize sync success
2023-06-19 02:34:37.061[info] 애플리케이션 실행....
2023-06-19 02:34:37.216[info] DB connection success
2023-06-19 02:34:37.228[info] Sequelize sync success
2023-06-19 03:23:26.965[info] 애플리케이션 실행....
2023-06-19 03:23:27.231[info] DB connection success
2023-06-19 03:23:27.274[info] Sequelize sync success
2023-06-19 03:23:45.533[info] (auth.token.params) {"userid":"aaa","password":"1111"}
2023-06-19 03:23:45.547[debug] (userService.login) null
2023-06-19 03:23:45.547[error] Error: 아이디가 일치하지 않습니다. Incorrect userid
2023-06-19 03:24:56.056[info] 애플리케이션 실행....
2023-06-19 03:24:56.173[info] DB connection success
2023-06-19 03:24:56.189[info] Sequelize sync success
2023-06-19 03:25:14.490[info] 애플리케이션 실행....
2023-06-19 03:25:14.609[info] DB connection success
2023-06-19 03:25:14.620[info] Sequelize sync success
2023-06-19 03:25:26.269[info] (auth.token.params) {"userid":"aaa","password":"1111"}
2023-06-19 03:25:26.284[debug] (userService.login) null
2023-06-19 03:25:26.285[error] Error: 아이디가 일치하지 않습니다. Incorrect userid
2023-06-19 03:25:27.272[info] (auth.token.params) {"userid":"aaa","password":"1111"}
2023-06-19 03:25:27.276[debug] (userService.login) null
2023-06-19 03:25:27.277[error] Error: 아이디가 일치하지 않습니다. Incorrect userid
2023-06-19 03:25:28.611[info] (auth.token.params) {"userid":"aaa","password":"1111"}
2023-06-19 03:25:28.614[debug] (userService.login) null
2023-06-19 03:25:28.615[error] Error: 아이디가 일치하지 않습니다. Incorrect userid
2023-06-19 03:25:39.350[info] (auth.token.params) {"userid":"aaa","password":"1111"}
2023-06-19 03:25:39.353[debug] (userService.login) null
2023-06-19 03:25:39.353[error] Error: 아이디가 일치하지 않습니다. Incorrect userid
2023-06-19 03:30:00.667[info] (auth.token.params) {"userid":"aaa","password":"1111"}
2023-06-19 03:30:00.674[debug] (userService.login) null
2023-06-19 03:30:00.675[error] Error: 아이디가 일치하지 않습니다. Incorrect userid
2023-06-19 03:30:04.812[info] 애플리케이션 실행....
2023-06-19 03:30:04.945[info] DB connection success
2023-06-19 03:30:04.958[info] Sequelize sync success
2023-06-19 03:30:05.963[info] (auth.token.params) {"userid":"aaa","password":"1111"}
2023-06-19 03:30:05.971[debug] (userService.login) null
2023-06-19 03:30:05.972[error] Error: 아이디가 일치하지 않습니다. Incorrect userid
2023-06-19 03:32:27.076[info] (auth.token.params) {"userid":"ㅁㅁㅁ","password":"1111"}
2023-06-19 03:32:27.093[debug] (userService.login) null
2023-06-19 03:32:27.094[error] Error: 아이디가 일치하지 않습니다. Incorrect userid
2023-06-19 03:33:56.389[info] 애플리케이션 실행....
2023-06-19 03:33:56.511[info] DB connection success
2023-06-19 03:33:56.525[info] Sequelize sync success
2023-06-19 03:36:24.663[info] 애플리케이션 실행....
2023-06-19 03:36:24.769[info] DB connection success
2023-06-19 03:36:24.783[info] Sequelize sync success
2023-06-19 03:36:41.488[info] (auth.token.params) {"userid":"aaa","password":"1111"}
2023-06-19 03:36:41.501[debug] (userService.login) null
2023-06-19 03:36:41.502[error] Error: 아이디가 일치하지 않습니다. Incorrect userid
2023-06-19 03:37:17.255[info] (auth.token.params) {"userid":"aaa","password":"1111"}
2023-06-19 03:37:17.271[debug] (userService.login) null
2023-06-19 03:37:17.272[error] Error: 아이디가 일치하지 않습니다. Incorrect userid
2023-06-19 03:39:09.067[info] 애플리케이션 실행....
2023-06-19 03:39:09.218[info] DB connection success
2023-06-19 03:39:09.244[info] Sequelize sync success
2023-06-19 03:39:15.855[info] (auth.token.params) {"userid":"aaa","password":"11111"}
2023-06-19 03:39:15.866[debug] (userService.login) null
2023-06-19 03:39:15.866[error] Error: 아이디가 일치하지 않습니다. Incorrect userid
2023-06-19 03:42:13.479[info] 애플리케이션 실행....
2023-06-19 03:42:13.608[info] DB connection success
2023-06-19 03:42:13.624[info] Sequelize sync success
2023-06-19 03:45:26.668[info] (auth.token.params) {"userid":"ㅁㅁㅁ","password":"aaaa"}
2023-06-19 03:45:26.682[debug] (userService.login) null
2023-06-19 03:45:26.683[error] Error: 아이디가 일치하지 않습니다. Incorrect userid
2023-06-19 03:46:36.446[info] (auth.token.params) {"userid":"aaa","password":"111"}
2023-06-19 03:46:36.461[debug] (userService.login) null
2023-06-19 03:46:36.463[error] Error: 아이디가 일치하지 않습니다. Incorrect userid
2023-06-19 03:47:37.450[info] 애플리케이션 실행....
2023-06-19 03:47:37.571[info] DB connection success
2023-06-19 03:47:37.590[info] Sequelize sync success
2023-06-19 03:47:51.806[info] (auth.token.params) {"userid":"111","password":"111111"}
2023-06-19 03:47:51.818[debug] (userService.login) null
2023-06-19 03:47:51.819[error] Error: 아이디가 일치하지 않습니다. Incorrect userid
2023-06-19 03:48:20.527[info] 애플리케이션 실행....
2023-06-19 03:48:20.709[info] DB connection success
2023-06-19 03:48:20.730[info] Sequelize sync success
2023-06-19 03:50:41.414[info] 애플리케이션 실행....
2023-06-19 03:50:41.600[info] DB connection success
2023-06-19 03:50:41.614[info] Sequelize sync success
2023-06-19 03:50:46.969[info] (auth.token.params) {"userid":"111","password":"1111"}
2023-06-19 03:50:46.978[debug] (userService.login) null
2023-06-19 03:50:46.979[error] Error: 아이디가 일치하지 않습니다. Incorrect userid
2023-06-19 03:51:24.437[info] 애플리케이션 실행....
2023-06-19 03:51:24.549[info] DB connection success
2023-06-19 03:51:24.562[info] Sequelize sync success
2023-06-19 03:51:41.428[info] (auth.token.params) {"userid":"1111","password":"11111"}
2023-06-19 03:51:41.442[debug] (userService.login) null
2023-06-19 03:51:41.442[error] Error: 아이디가 일치하지 않습니다. Incorrect userid
2023-06-19 03:52:03.629[info] 애플리케이션 실행....
2023-06-19 03:52:03.738[info] DB connection success
2023-06-19 03:52:03.749[info] Sequelize sync success
2023-06-19 03:52:13.469[info] (auth.token.params) {"userid":"1111","password":"11111"}
2023-06-19 03:52:13.478[debug] (userService.login) null
2023-06-19 03:52:13.479[error] Error: 아이디가 일치하지 않습니다. Incorrect userid
2023-06-19 03:52:34.664[info] 애플리케이션 실행....
2023-06-19 03:52:34.776[info] DB connection success
2023-06-19 03:52:34.788[info] Sequelize sync success
2023-06-19 03:52:38.831[info] (auth.token.params) {"userid":"111","password":"1111"}
2023-06-19 03:52:38.839[debug] (userService.login) null
2023-06-19 03:52:38.840[error] Error: 아이디가 일치하지 않습니다. Incorrect userid
2023-06-19 03:52:40.618[info] (auth.token.params) {"userid":"111","password":"1111"}
2023-06-19 03:52:40.627[debug] (userService.login) null
2023-06-19 03:52:40.628[error] Error: 아이디가 일치하지 않습니다. Incorrect userid
2023-06-19 03:52:47.473[info] (auth.token.params) {"userid":"111","password":"1111"}
2023-06-19 03:52:47.476[debug] (userService.login) null
2023-06-19 03:52:47.477[error] Error: 아이디가 일치하지 않습니다. Incorrect userid
2023-06-19 03:53:10.421[info] 애플리케이션 실행....
2023-06-19 03:53:10.526[info] DB connection success
2023-06-19 03:53:10.544[info] Sequelize sync success
2023-06-19 03:53:14.011[info] (auth.token.params) {"userid":"111","password":"1111"}
2023-06-19 03:53:14.020[debug] (userService.login) null
2023-06-19 03:53:14.020[error] Error: 아이디가 일치하지 않습니다. Incorrect userid
2023-06-19 03:53:40.394[info] 애플리케이션 실행....
2023-06-19 03:53:40.519[info] DB connection success
2023-06-19 03:53:40.531[info] Sequelize sync success
2023-06-19 03:53:49.801[info] (auth.token.params) {"userid":"11111","password":"111111"}
2023-06-19 03:53:49.811[debug] (userService.login) null
2023-06-19 03:53:49.811[error] Error: 아이디가 일치하지 않습니다. Incorrect userid
2023-06-19 03:53:53.920[info] (auth.token.params) {"userid":"11111","password":"111111"}
2023-06-19 03:53:53.923[debug] (userService.login) null
2023-06-19 03:53:53.924[error] Error: 아이디가 일치하지 않습니다. Incorrect userid
2023-06-19 03:54:26.300[info] 애플리케이션 실행....
2023-06-19 03:54:26.430[info] DB connection success
2023-06-19 03:54:26.443[info] Sequelize sync success
2023-06-19 03:54:55.979[info] 애플리케이션 실행....
2023-06-19 03:54:56.140[info] DB connection success
2023-06-19 03:54:56.154[info] Sequelize sync success
2023-06-19 03:55:02.850[info] (auth.token.params) {"userid":"aaa","password":"111111"}
2023-06-19 03:55:02.860[debug] (userService.login) null
2023-06-19 03:55:02.860[error] Error: 아이디가 일치하지 않습니다. Incorrect userid
2023-06-19 03:55:11.942[info] 애플리케이션 실행....
2023-06-19 03:55:12.054[info] DB connection success
2023-06-19 03:55:12.065[info] Sequelize sync success
2023-06-19 03:55:17.173[info] (auth.token.params) {"userid":"aaa","password":"111111"}
2023-06-19 03:55:17.182[debug] (userService.login) null
2023-06-19 03:55:17.183[error] Error: 아이디가 일치하지 않습니다. Incorrect userid
2023-06-19 03:56:19.181[info] 애플리케이션 실행....
2023-06-19 03:56:19.298[info] DB connection success
2023-06-19 03:56:19.309[info] Sequelize sync success
2023-06-19 03:56:24.150[info] (auth.token.params) {"userid":"aaaa","password":"11111"}
2023-06-19 03:56:24.161[debug] (userService.login) null
2023-06-19 03:56:24.162[error] Error: 아이디가 일치하지 않습니다. Incorrect userid
2023-06-19 03:56:50.245[info] 애플리케이션 실행....
2023-06-19 03:56:50.355[info] DB connection success
2023-06-19 03:56:50.366[info] Sequelize sync success
2023-06-19 03:56:55.851[info] (auth.token.params) {"userid":"aaa","password":"aaaaa"}
2023-06-19 03:56:55.859[debug] (userService.login) null
2023-06-19 03:56:55.860[error] Error: 아이디가 일치하지 않습니다. Incorrect userid
2023-06-19 03:57:05.008[info] 애플리케이션 실행....
2023-06-19 03:57:05.108[info] DB connection success
2023-06-19 03:57:05.119[info] Sequelize sync success
2023-06-19 03:57:12.040[info] (auth.token.params) {"userid":"aaa","password":"aaaaaa"}
2023-06-19 03:57:12.048[debug] (userService.login) null
2023-06-19 03:57:12.049[error] Error: 아이디가 일치하지 않습니다. Incorrect userid
2023-06-19 03:58:19.841[info] 애플리케이션 실행....
2023-06-19 03:58:19.956[info] DB connection success
2023-06-19 03:58:19.967[info] Sequelize sync success
2023-06-19 04:03:57.932[info] 애플리케이션 실행....
2023-06-19 04:03:58.043[info] DB connection success
2023-06-19 04:03:58.054[info] Sequelize sync success
